<?xml version="1.0" encoding="UTF-8"?>
<!-- Generated by org.testng.reporters.JUnitReportReporter -->
<testsuite hostname="DESKTOP-K0P8G3R" failures="0" tests="2" name="TPC.LoginandBrowserLaunch" time="30.608" errors="0" timestamp="2022-08-16T21:37:28 GST" skipped="0">
  <testcase classname="TPC.LoginandBrowserLaunch" name="Login" time="10.305"/>
  <system-out/>
  <testcase classname="TPC.LoginandBrowserLaunch" name="BrowserLaunch" time="20.303"/>
  <system-out/>
</testsuite> <!-- TPC.LoginandBrowserLaunch -->
