<?xml version="1.0" encoding="UTF-8"?>
<!-- Generated by org.testng.reporters.JUnitReportReporter -->
<testsuite hostname="DESKTOP-K0P8G3R" failures="0" tests="2" name="TPC.MaintenanceManagement" time="38.932" errors="0" timestamp="2022-09-21T17:09:24 GST" skipped="0">
  <testcase classname="TPC.MaintenanceManagement" name="managevehiclelist" time="2.656"/>
  <system-out/>
  <testcase classname="TPC.MaintenanceManagement" name="BrowserLaunchandLogin" time="36.276"/>
  <system-out/>
</testsuite> <!-- TPC.MaintenanceManagement -->
