<?xml version="1.0" encoding="UTF-8"?>
<!-- Generated by org.testng.reporters.JUnitReportReporter -->
<testsuite hostname="DESKTOP-K0P8G3R" failures="0" tests="2" name="TPC.TripandDispatch" time="60.092" errors="0" timestamp="2022-09-06T12:01:16 GST" skipped="0">
  <testcase classname="TPC.TripandDispatch" name="trips" time="4.923"/>
  <system-out/>
  <testcase classname="TPC.TripandDispatch" name="BrowserLaunchandLogin" time="55.169"/>
  <system-out/>
</testsuite> <!-- TPC.TripandDispatch -->
