<?xml version="1.0" encoding="UTF-8"?>
<!-- Generated by org.testng.reporters.JUnitReportReporter -->
<testsuite hostname="DESKTOP-K0P8G3R" failures="0" tests="1" name="TPC.Commonclass" time="33.873" errors="0" timestamp="2022-08-29T18:19:07 GST" skipped="0">
  <testcase classname="TPC.Commonclass" name="BrowserLaunchandLogin" time="33.873"/>
  <system-out/>
</testsuite> <!-- TPC.Commonclass -->
