<?xml version="1.0" encoding="UTF-8"?>
<!-- Generated by org.testng.reporters.JUnitReportReporter -->
<testsuite hostname="DESKTOP-K0P8G3R" failures="0" tests="2" name="TPC.Geofence" time="61.292" errors="0" timestamp="2022-10-10T14:54:39 GST" skipped="0">
  <testcase classname="TPC.Geofence" name="BrowserLaunchandLogin" time="52.312"/>
  <system-out/>
  <testcase classname="TPC.Geofence" name="geofence" time="8.980"/>
  <system-out/>
</testsuite> <!-- TPC.Geofence -->
