<?xml version="1.0" encoding="UTF-8"?>
<!-- Generated by org.testng.reporters.JUnitReportReporter -->
<testsuite hostname="DESKTOP-K0P8G3R" failures="0" tests="2" name="TPC.TripandDispatch" time="40.473" errors="0" timestamp="2022-10-01T19:43:57 GST" skipped="0">
  <testcase classname="TPC.TripandDispatch" name="trips" time="5.989"/>
  <system-out/>
  <testcase classname="TPC.TripandDispatch" name="BrowserLaunchandLogin" time="34.484"/>
  <system-out/>
</testsuite> <!-- TPC.TripandDispatch -->
