<?xml version="1.0" encoding="UTF-8"?>
<!-- Generated by org.testng.reporters.JUnitReportReporter -->
<testsuite hostname="DESKTOP-K0P8G3R" failures="0" tests="2" name="TPC.DVIR" time="55.849" errors="0" timestamp="2022-09-21T14:27:00 GST" skipped="0">
  <testcase classname="TPC.DVIR" name="dvir" time="13.680"/>
  <system-out/>
  <testcase classname="TPC.DVIR" name="BrowserLaunchandLogin" time="42.169"/>
  <system-out/>
</testsuite> <!-- TPC.DVIR -->
